#
# There is insufficient memory for the Java Runtime Environment to continue.
# Native memory allocation (malloc) failed to allocate 32744 bytes for ChunkPool::allocate
# Possible reasons:
#   The system is out of physical RAM or swap space
#   The process is running with CompressedOops enabled, and the Java Heap may be blocking the growth of the native heap
# Possible solutions:
#   Reduce memory load on the system
#   Increase physical memory or swap space
#   Check if swap backing store is full
#   Decrease Java heap size (-Xmx/-Xms)
#   Decrease number of Java threads
#   Decrease Java thread stack sizes (-Xss)
#   Set larger code cache with -XX:ReservedCodeCacheSize=
#   JVM is running with Unscaled Compressed Oops mode in which the Java heap is
#     placed in the first 4GB address space. The Java Heap base address is the
#     maximum limit for the native heap growth. Please use -XX:HeapBaseMinAddress
#     to set the Java Heap base and to place the Java Heap above 4GB virtual address.
# This output file may be truncated or incomplete.
#
#  Out of Memory Error (allocation.cpp:272), pid=3012, tid=0x00000000000021c8
#
# JRE version: OpenJDK Runtime Environment (Zulu 8.76.0.17-CA-win64) (8.0_402-b06) (build 1.8.0_402-b06)
# Java VM: OpenJDK 64-Bit Server VM (25.402-b06 mixed mode windows-amd64 compressed oops)
# Failed to write core dump. Minidumps are not enabled by default on client versions of Windows
#

---------------  T H R E A D  ---------------

Current thread (0x000002863c1ff000):  JavaThread "C2 CompilerThread1" daemon [_thread_in_native, id=8648, stack(0x000000d8a9c00000,0x000000d8a9d00000)]

Stack: [0x000000d8a9c00000,0x000000d8a9d00000]
[error occurred during error reporting (printing stack bounds), id 0xc0000005]

Native frames: (J=compiled Java code, j=interpreted, Vv=VM code, C=native code)


Current CompileTask:
C2:   7709  656       4       java.nio.file.FileTreeIterator::fetchNextIfNeeded (65 bytes)


---------------  P R O C E S S  ---------------

Java Threads: ( => current thread )
  0x000002863c271800 JavaThread "Service Thread" daemon [_thread_blocked, id=5876, stack(0x000000d8a9e00000,0x000000d8a9f00000)]
  0x000002863c26a800 JavaThread "C1 CompilerThread2" daemon [_thread_blocked, id=11440, stack(0x000000d8a9d00000,0x000000d8a9e00000)]
=>0x000002863c1ff000 JavaThread "C2 CompilerThread1" daemon [_thread_in_native, id=8648, stack(0x000000d8a9c00000,0x000000d8a9d00000)]
  0x000002863c1fd000 JavaThread "C2 CompilerThread0" daemon [_thread_in_vm, id=11552, stack(0x000000d8a9b00000,0x000000d8a9c00000)]
  0x000002863c1fc800 JavaThread "Attach Listener" daemon [_thread_blocked, id=240, stack(0x000000d8a9a00000,0x000000d8a9b00000)]
  0x000002863c1fb000 JavaThread "Signal Dispatcher" daemon [_thread_blocked, id=8456, stack(0x000000d8a9900000,0x000000d8a9a00000)]
  0x000002863baa9000 JavaThread "Finalizer" daemon [_thread_blocked, id=12176, stack(0x000000d8a9800000,0x000000d8a9900000)]
  0x000002863c1d6000 JavaThread "Reference Handler" daemon [_thread_blocked, id=5396, stack(0x000000d8a9700000,0x000000d8a9800000)]
  0x0000028625cd5800 JavaThread "main" [_thread_in_native, id=4964, stack(0x000000d8a9000000,0x000000d8a9100000)]

Other Threads:
  0x000002863c1b3000 VMThread [stack: 0x000000d8a9600000,0x000000d8a9700000] [id=3564]
  0x000002863c275800 WatcherThread [stack: 0x000000d8a9f00000,0x000000d8aa000000] [id=11652]

VM state:not at safepoint (normal execution)

VM Mutex/Monitor currently owned by a thread: None

heap address: 0x0000000084a00000, size: 1974 MB, Compressed Oops mode: 32-bit
Narrow klass base: 0x0000000000000000, Narrow klass shift: 3
Compressed class space size: 1073741824 Address: 0x0000000100000000

Heap:
 PSYoungGen      total 36864K, used 13350K [0x00000000d6e00000, 0x00000000d9700000, 0x0000000100000000)
  eden space 31744K, 42% used [0x00000000d6e00000,0x00000000d7b09a98,0x00000000d8d00000)
  from space 5120K, 0% used [0x00000000d9200000,0x00000000d9200000,0x00000000d9700000)
  to   space 5120K, 0% used [0x00000000d8d00000,0x00000000d8d00000,0x00000000d9200000)
 ParOldGen       total 84992K, used 0K [0x0000000084a00000, 0x0000000089d00000, 0x00000000d6e00000)
  object space 84992K, 0% used [0x0000000084a00000,0x0000000084a00000,0x0000000089d00000)
 Metaspace       used 7557K, capacity 7744K, committed 7808K, reserved 1056768K
  class space    used 834K, capacity 880K, committed 896K, reserved 1048576K

Card table byte_map: [0x00000286369a0000,0x0000028636d80000] byte_map_base: 0x000002863657b000

Marking Bits: (ParMarkBitMap*) 0x00000000706763c0
 Begin Bits: [0x0000028637020000, 0x0000028638ef8000)
 End Bits:   [0x0000028638ef8000, 0x000002863add0000)

Polling page: 0x0000028625c90000

CodeCache: size=245760Kb used=2540Kb max_used=2549Kb free=243219Kb
 bounds [0x00000286275e0000, 0x0000028627860000, 0x00000286365e0000]
 total_blobs=975 nmethods=655 adapters=232
 compilation: enabled

Compilation events (10 events):
Event: 6.999 Thread 0x000002863c26a800 nmethod 652 0x00000286278580d0 code [0x0000028627858340, 0x0000028627859450]
Event: 6.999 Thread 0x000002863c26a800  651       3       sun.nio.fs.WindowsPath$WindowsPathWithAttributes::getFileSystem (5 bytes)
Event: 6.999 Thread 0x000002863c26a800 nmethod 651 0x0000028627857d90 code [0x0000028627857ee0, 0x0000028627858058]
Event: 7.313 Thread 0x000002863c1ff000  653       4       java.lang.String::startsWith (72 bytes)
Event: 7.318 Thread 0x000002863c1ff000 nmethod 653 0x000002862785dd50 code [0x000002862785dea0, 0x000002862785e098]
Event: 7.633 Thread 0x000002863c26a800  654       3       java.util.stream.ReduceOps$3ReducingSink::accept (15 bytes)
Event: 7.633 Thread 0x000002863c26a800 nmethod 654 0x000002862785d8d0 code [0x000002862785da40, 0x000002862785dc70]
Event: 7.633 Thread 0x000002863c26a800  655       3       java.util.stream.Collectors$$Lambda$12/1100439041::accept (11 bytes)
Event: 7.634 Thread 0x000002863c26a800 nmethod 655 0x000002862785d350 code [0x000002862785d4c0, 0x000002862785d7f0]
Event: 7.655 Thread 0x000002863c1ff000  656       4       java.nio.file.FileTreeIterator::fetchNextIfNeeded (65 bytes)

GC Heap History (0 events):
No events

Deoptimization events (2 events):
Event: 2.468 Thread 0x0000028625cd5800 Uncommon trap: reason=loop_limit_check action=maybe_recompile pc=0x0000028627786c50 method=java.math.BigInteger.implMulAdd([I[IIII)I @ 29
Event: 3.278 Thread 0x0000028625cd5800 Uncommon trap: reason=loop_limit_check action=maybe_recompile pc=0x00000286277c5168 method=java.lang.String.equals(Ljava/lang/Object;)Z @ 56

Classes redefined (0 events):
No events

Internal exceptions (4 events):
Event: 0.812 Thread 0x0000028625cd5800 Exception <a 'java/lang/NoSuchMethodError': Method sun.misc.Unsafe.defineClass(Ljava/lang/String;[BII)Ljava/lang/Class; name or signature does not match> (0x00000000d6e07ce0) thrown at [C:\jenkins\workspace\Zulu\zulu-platform-build\21769\zulu-src.git\hots
Event: 0.813 Thread 0x0000028625cd5800 Exception <a 'java/lang/NoSuchMethodError': Method sun.misc.Unsafe.prefetchRead(Ljava/lang/Object;J)V name or signature does not match> (0x00000000d6e07fc8) thrown at [C:\jenkins\workspace\Zulu\zulu-platform-build\21769\zulu-src.git\hotspot\src\share\vm\p
Event: 2.973 Thread 0x0000028625cd5800 Exception <a 'java/lang/NoSuchFieldError': method resolution failed> (0x00000000d73b7b18) thrown at [C:\jenkins\workspace\Zulu\zulu-platform-build\21769\zulu-src.git\hotspot\src\share\vm\prims\methodHandles.cpp, line 1194]
Event: 2.977 Thread 0x0000028625cd5800 Exception <a 'java/lang/NoSuchFieldError': method resolution failed> (0x00000000d73c5258) thrown at [C:\jenkins\workspace\Zulu\zulu-platform-build\21769\zulu-src.git\hotspot\src\share\vm\prims\methodHandles.cpp, line 1194]

Events (10 events):
Event: 4.652 loading class sun/nio/fs/WindowsPath$WindowsPathWithAttributes
Event: 4.749 loading class sun/nio/fs/BasicFileAttributesHolder
Event: 4.750 loading class sun/nio/fs/BasicFileAttributesHolder done
Event: 4.750 loading class sun/nio/fs/WindowsPath$WindowsPathWithAttributes done
Event: 4.971 Thread 0x0000028625cd5800 DEOPT PACKING pc=0x000002862782294d sp=0x000000d8a90fe970
Event: 4.971 Thread 0x0000028625cd5800 DEOPT UNPACKING pc=0x00000286276276d8 sp=0x000000d8a90fe6c0 mode 0
Event: 4.976 Thread 0x0000028625cd5800 DEOPT PACKING pc=0x000002862782294d sp=0x000000d8a90fe970
Event: 4.976 Thread 0x0000028625cd5800 DEOPT UNPACKING pc=0x00000286276276d8 sp=0x000000d8a90fe6c0 mode 0
Event: 5.694 Executing VM operation: EnableBiasedLocking
Event: 5.695 Executing VM operation: EnableBiasedLocking done


Dynamic libraries:
0x00007ff654b50000 - 0x00007ff654ba0000 	C:\Program Files\Zulu\zulu-8\bin\java.exe
0x00007ff927590000 - 0x00007ff927788000 	C:\WINDOWS\SYSTEM32\ntdll.dll
0x00007ff925f90000 - 0x00007ff92604d000 	C:\WINDOWS\System32\KERNEL32.DLL
0x00007ff924cf0000 - 0x00007ff924fe6000 	C:\WINDOWS\System32\KERNELBASE.dll
0x00007ff927140000 - 0x00007ff9271f0000 	C:\WINDOWS\System32\ADVAPI32.dll
0x00007ff925ef0000 - 0x00007ff925f8e000 	C:\WINDOWS\System32\msvcrt.dll
0x00007ff9260f0000 - 0x00007ff926190000 	C:\WINDOWS\System32\sechost.dll
0x00007ff9264b0000 - 0x00007ff9265d3000 	C:\WINDOWS\System32\RPCRT4.dll
0x00007ff9250f0000 - 0x00007ff925117000 	C:\WINDOWS\System32\bcrypt.dll
0x00007ff926f40000 - 0x00007ff9270df000 	C:\WINDOWS\System32\USER32.dll
0x00007ff925270000 - 0x00007ff925292000 	C:\WINDOWS\System32\win32u.dll
0x00007ff9266c0000 - 0x00007ff9266eb000 	C:\WINDOWS\System32\GDI32.dll
0x00007ff9252a0000 - 0x00007ff9253b7000 	C:\WINDOWS\System32\gdi32full.dll
0x00007ff925520000 - 0x00007ff9255bd000 	C:\WINDOWS\System32\msvcp_win.dll
0x00007ff925120000 - 0x00007ff925220000 	C:\WINDOWS\System32\ucrtbase.dll
0x00007ff923fb0000 - 0x00007ff92424a000 	C:\WINDOWS\WinSxS\amd64_microsoft.windows.common-controls_6595b64144ccf1df_6.0.19041.3636_none_60b6a03d71f818d5\COMCTL32.dll
0x00007ff926350000 - 0x00007ff926382000 	C:\WINDOWS\System32\IMM32.DLL
0x00007ff921e50000 - 0x00007ff921e65000 	C:\Program Files\Zulu\zulu-8\jre\bin\vcruntime140.dll
0x00007ff8fe530000 - 0x00007ff8fe5cb000 	C:\Program Files\Zulu\zulu-8\jre\bin\msvcp140.dll
0x000000006fe80000 - 0x00000000706f1000 	C:\Program Files\Zulu\zulu-8\jre\bin\server\jvm.dll
0x00007ff9262c0000 - 0x00007ff9262c8000 	C:\WINDOWS\System32\PSAPI.DLL
0x00007ff910590000 - 0x00007ff910599000 	C:\WINDOWS\SYSTEM32\WSOCK32.dll
0x00007ff9262e0000 - 0x00007ff92634b000 	C:\WINDOWS\System32\WS2_32.dll
0x00007ff9117e0000 - 0x00007ff911807000 	C:\WINDOWS\SYSTEM32\WINMM.dll
0x00007ff916140000 - 0x00007ff91614a000 	C:\WINDOWS\SYSTEM32\VERSION.dll
0x00007ff922460000 - 0x00007ff922472000 	C:\WINDOWS\SYSTEM32\kernel.appcore.dll
0x00007ff920100000 - 0x00007ff920110000 	C:\Program Files\Zulu\zulu-8\jre\bin\verify.dll
0x00007ff91cf10000 - 0x00007ff91cf3b000 	C:\Program Files\Zulu\zulu-8\jre\bin\java.dll
0x00007ff91cef0000 - 0x00007ff91cf08000 	C:\Program Files\Zulu\zulu-8\jre\bin\zip.dll
0x00007ff925770000 - 0x00007ff925edb000 	C:\WINDOWS\System32\SHELL32.dll
0x00007ff922660000 - 0x00007ff922dfe000 	C:\WINDOWS\SYSTEM32\windows.storage.dll
0x00007ff9271f0000 - 0x00007ff927543000 	C:\WINDOWS\System32\combase.dll
0x00007ff923f10000 - 0x00007ff923f3e000 	C:\WINDOWS\SYSTEM32\Wldp.dll
0x00007ff9266f0000 - 0x00007ff9267bd000 	C:\WINDOWS\System32\OLEAUT32.dll
0x00007ff926c30000 - 0x00007ff926cdd000 	C:\WINDOWS\System32\SHCORE.dll
0x00007ff926e30000 - 0x00007ff926e85000 	C:\WINDOWS\System32\shlwapi.dll
0x00007ff924b70000 - 0x00007ff924b93000 	C:\WINDOWS\SYSTEM32\profapi.dll
0x00007ff91fbc0000 - 0x00007ff91fbdc000 	C:\Program Files\Zulu\zulu-8\jre\bin\net.dll
0x00007ff923de0000 - 0x00007ff923e4a000 	C:\WINDOWS\system32\mswsock.dll
0x00007ff91f4c0000 - 0x00007ff91f4d3000 	C:\Program Files\Zulu\zulu-8\jre\bin\nio.dll

VM Arguments:
jvm_args: -Dfile.encoding=utf8 
java_command: c:\Users\user\.vscode\extensions\vscjava.vscode-gradle-3.13.5\lib\gradle-language-server.jar
java_class_path (initial): c:\Users\user\.vscode\extensions\vscjava.vscode-gradle-3.13.5\lib\gradle-language-server.jar
Launcher Type: SUN_STANDARD

Environment Variables:
JAVA_HOME=C:\Program Files\Zulu\zulu-8\
PATH=C:\Program Files\Zulu\zulu-8\bin\;C:\Program Files\Zulu\zulu-8\\bin;C:\WINDOWS\system32;C:\WINDOWS;C:\WINDOWS\System32\Wbem;C:\WINDOWS\System32\WindowsPowerShell\v1.0\;C:\WINDOWS\System32\OpenSSH\;C:\Program Files\Git\cmd;C:\Program Files\MongoDB\Server\6.0\bin;C:\Program Files\nodejs\;C:\Program Files\PostgreSQL\16\bin;C:\Program Files\Go\bin;D:\Software\apache-maven-3.9.6\bin;C:\xampp\php;C:\MinGW\bin;C:\Gradle\gradle-8.7\bin;C:\Users\user\AppData\Local\Programs\Python\Python310\Scripts\;C:\Users\user\AppData\Local\Programs\Python\Python310\;C:\Users\user\AppData\Local\Microsoft\WindowsApps;C:\Users\user\AppData\Local\Programs\Microsoft VS Code\bin;C:\Program Files\JetBrains\PyCharm Community Edition 2023.1\bin;;C:\Users\user\AppData\Roaming\npm;C:\Users\user\AppData\Local\Programs\MiKTeX\miktex\bin\x64\;C:\Program Files\PostgreSQL\16\bin;C:\Users\user\anaconda3\Scripts;C:\Users\user\go\bin;C:\Program Files\Zulu\zulu-8\bin\;C:\MinGW\bin;C:\Gradle\gradle-8.7\bin;C:\Users\user\AppData\Local\GitHubDesktop\bin
USERNAME=user
OS=Windows_NT
PROCESSOR_IDENTIFIER=Intel64 Family 6 Model 61 Stepping 4, GenuineIntel



---------------  S Y S T E M  ---------------

OS: Windows 10 , 64 bit Build 19041 (10.0.19041.3636)

CPU:total 4 (initial active 4) (2 cores per cpu, 2 threads per core) family 6 model 61 stepping 4, cmov, cx8, fxsr, mmx, sse, sse2, sse3, ssse3, sse4.1, sse4.2, popcnt, avx, avx2, aes, clmul, erms, rtm, 3dnowpref, lzcnt, ht, tsc, tscinvbit, bmi1, bmi2, adx

Memory: 4k page, physical 8077412k(628676k free), swap 11149412k(0k free)

vm_info: OpenJDK 64-Bit Server VM (25.402-b06) for windows-amd64 JRE (Zulu 8.76.0.17-CA-win64) (1.8.0_402-b06), built on Jan  9 2024 15:49:03 by "abrygin" with MS VC++ 15.9 (VS2017)

time: Sat May  4 16:52:25 2024
timezone: SE Asia Standard Time
elapsed time: 7.725003 seconds (0d 0h 0m 7s)

