#
# There is insufficient memory for the Java Runtime Environment to continue.
# Native memory allocation (mmap) failed to map 130023424 bytes for G1 virtual space
# Possible reasons:
#   The system is out of physical RAM or swap space
#   The process is running with CompressedOops enabled, and the Java Heap may be blocking the growth of the native heap
# Possible solutions:
#   Reduce memory load on the system
#   Increase physical memory or swap space
#   Check if swap backing store is full
#   Decrease Java heap size (-Xmx/-Xms)
#   Decrease number of Java threads
#   Decrease Java thread stack sizes (-Xss)
#   Set larger code cache with -XX:ReservedCodeCacheSize=
#   JVM is running with Unscaled Compressed Oops mode in which the Java heap is
#     placed in the first 4GB address space. The Java Heap base address is the
#     maximum limit for the native heap growth. Please use -XX:HeapBaseMinAddress
#     to set the Java Heap base and to place the Java Heap above 4GB virtual address.
# This output file may be truncated or incomplete.
#
#  Out of Memory Error (os_windows.cpp:3613), pid=9072, tid=7452
#
# JRE version:  (17.0.10+7) (build )
# Java VM: OpenJDK 64-Bit Server VM (17.0.10+7, mixed mode, sharing, tiered, compressed oops, compressed class ptrs, g1 gc, windows-amd64)
# No core dump will be written. Minidumps are not enabled by default on client versions of Windows
#

---------------  S U M M A R Y ------------

Command Line: --add-opens=java.base/java.lang=ALL-UNNAMED --add-opens=java.base/java.io=ALL-UNNAMED --add-opens=java.base/java.util=ALL-UNNAMED -Dplugin.dir=C:\Users\user\.vscode\extensions\redhat.java-1.30.0-win32-x64\server\..\..\vscjava.vscode-gradle-3.13.5\server\plugins com.microsoft.java.bs.core.Launcher

Host: Intel(R) Core(TM) i5-5300U CPU @ 2.30GHz, 4 cores, 7G,  Windows 10 , 64 bit Build 19041 (10.0.19041.3636)
Time: Sat May  4 16:51:46 2024 SE Asia Standard Time elapsed time: 0.099920 seconds (0d 0h 0m 0s)

---------------  T H R E A D  ---------------

Current thread (0x000001afdf4cf4a0):  JavaThread "Unknown thread" [_thread_in_vm, id=7452, stack(0x0000005275e00000,0x0000005275f00000)]

Stack: [0x0000005275e00000,0x0000005275f00000]
Native frames: (J=compiled Java code, j=interpreted, Vv=VM code, C=native code)
V  [jvm.dll+0x67d2c9]
V  [jvm.dll+0x834afa]
V  [jvm.dll+0x8365be]
V  [jvm.dll+0x836c23]
V  [jvm.dll+0x2477ff]
V  [jvm.dll+0x67a109]
V  [jvm.dll+0x66eb7a]
V  [jvm.dll+0x30764b]
V  [jvm.dll+0x30eaf6]
V  [jvm.dll+0x35e83e]
V  [jvm.dll+0x35ea6f]
V  [jvm.dll+0x2de248]
V  [jvm.dll+0x2df1b4]
V  [jvm.dll+0x806361]
V  [jvm.dll+0x36c6f1]
V  [jvm.dll+0x7e4e06]
V  [jvm.dll+0x3eff3f]
V  [jvm.dll+0x3f1b71]
C  [jli.dll+0x528f]
C  [ucrtbase.dll+0x21bb2]
C  [KERNEL32.DLL+0x17344]
C  [ntdll.dll+0x526b1]


---------------  P R O C E S S  ---------------

Threads class SMR info:
_java_thread_list=0x00007ff8ee63ee98, length=0, elements={
}

Java Threads: ( => current thread )

Other Threads:
  0x000001afdf529d30 GCTaskThread "GC Thread#0" [stack: 0x0000005275f00000,0x0000005276000000] [id=12088]
  0x000001afdf53a250 ConcurrentGCThread "G1 Main Marker" [stack: 0x0000005276000000,0x0000005276100000] [id=1224]
  0x000001afdf53ab80 ConcurrentGCThread "G1 Conc#0" [stack: 0x0000005276100000,0x0000005276200000] [id=5448]

[error occurred during error reporting (printing all threads), id 0xc0000005, EXCEPTION_ACCESS_VIOLATION (0xc0000005) at pc=0x00007ff8eddfec87]

VM state: not at safepoint (not fully initialized)

VM Mutex/Monitor currently owned by a thread:  ([mutex/lock_event])
[0x000001afdf4ca760] Heap_lock - owner thread: 0x000001afdf4cf4a0

Heap address: 0x0000000084a00000, size: 1974 MB, Compressed Oops mode: 32-bit

CDS archive(s) mapped at: [0x0000000000000000-0x0000000000000000-0x0000000000000000), size 0, SharedBaseAddress: 0x0000000800000000, ArchiveRelocationMode: 1.
Narrow klass base: 0x0000000000000000, Narrow klass shift: 0, Narrow klass range: 0x0

GC Precious Log:
<Empty>

Heap:
 garbage-first heap   total 0K, used 0K [0x0000000084a00000, 0x0000000100000000)
  region size 1024K, 0 young (0K), 0 survivors (0K)

[error occurred during error reporting (printing heap information), id 0xc0000005, EXCEPTION_ACCESS_VIOLATION (0xc0000005) at pc=0x00007ff8ee1e6fb9]

GC Heap History (0 events):
No events

Dll operation events (1 events):
Event: 0.076 Loaded shared library C:\Users\user\.vscode\extensions\redhat.java-1.30.0-win32-x64\jre\17.0.10-win32-x86_64\bin\java.dll

Deoptimization events (0 events):
No events

Classes unloaded (0 events):
No events

Classes redefined (0 events):
No events

Internal exceptions (0 events):
No events

VM Operations (0 events):
No events

Events (0 events):
No events


Dynamic libraries:
0x00007ff772680000 - 0x00007ff77268e000 	C:\Users\user\.vscode\extensions\redhat.java-1.30.0-win32-x64\jre\17.0.10-win32-x86_64\bin\java.exe
0x00007ff927590000 - 0x00007ff927788000 	C:\WINDOWS\SYSTEM32\ntdll.dll
0x00007ff925f90000 - 0x00007ff92604d000 	C:\WINDOWS\System32\KERNEL32.DLL
0x00007ff924cf0000 - 0x00007ff924fe6000 	C:\WINDOWS\System32\KERNELBASE.dll
0x00007ff925120000 - 0x00007ff925220000 	C:\WINDOWS\System32\ucrtbase.dll
0x00007ff91d1e0000 - 0x00007ff91d1f7000 	C:\Users\user\.vscode\extensions\redhat.java-1.30.0-win32-x64\jre\17.0.10-win32-x86_64\bin\jli.dll
0x00007ff926f40000 - 0x00007ff9270df000 	C:\WINDOWS\System32\USER32.dll
0x00007ff925270000 - 0x00007ff925292000 	C:\WINDOWS\System32\win32u.dll
0x00007ff9266c0000 - 0x00007ff9266eb000 	C:\WINDOWS\System32\GDI32.dll
0x00007ff9252a0000 - 0x00007ff9253b7000 	C:\WINDOWS\System32\gdi32full.dll
0x00007ff925520000 - 0x00007ff9255bd000 	C:\WINDOWS\System32\msvcp_win.dll
0x00007ff91ce40000 - 0x00007ff91ce5b000 	C:\Users\user\.vscode\extensions\redhat.java-1.30.0-win32-x64\jre\17.0.10-win32-x86_64\bin\VCRUNTIME140.dll
0x00007ff923fb0000 - 0x00007ff92424a000 	C:\WINDOWS\WinSxS\amd64_microsoft.windows.common-controls_6595b64144ccf1df_6.0.19041.3636_none_60b6a03d71f818d5\COMCTL32.dll
0x00007ff925ef0000 - 0x00007ff925f8e000 	C:\WINDOWS\System32\msvcrt.dll
0x00007ff926350000 - 0x00007ff926382000 	C:\WINDOWS\System32\IMM32.DLL
0x00007ff91fb00000 - 0x00007ff91fb0c000 	C:\Users\user\.vscode\extensions\redhat.java-1.30.0-win32-x64\jre\17.0.10-win32-x86_64\bin\vcruntime140_1.dll
0x00007ff90a8a0000 - 0x00007ff90a92d000 	C:\Users\user\.vscode\extensions\redhat.java-1.30.0-win32-x64\jre\17.0.10-win32-x86_64\bin\msvcp140.dll
0x00007ff8edb10000 - 0x00007ff8ee772000 	C:\Users\user\.vscode\extensions\redhat.java-1.30.0-win32-x64\jre\17.0.10-win32-x86_64\bin\server\jvm.dll
0x00007ff927140000 - 0x00007ff9271f0000 	C:\WINDOWS\System32\ADVAPI32.dll
0x00007ff9260f0000 - 0x00007ff926190000 	C:\WINDOWS\System32\sechost.dll
0x00007ff9264b0000 - 0x00007ff9265d3000 	C:\WINDOWS\System32\RPCRT4.dll
0x00007ff9250f0000 - 0x00007ff925117000 	C:\WINDOWS\System32\bcrypt.dll
0x00007ff910590000 - 0x00007ff910599000 	C:\WINDOWS\SYSTEM32\WSOCK32.dll
0x00007ff9262e0000 - 0x00007ff92634b000 	C:\WINDOWS\System32\WS2_32.dll
0x00007ff9117e0000 - 0x00007ff911807000 	C:\WINDOWS\SYSTEM32\WINMM.dll
0x00007ff916140000 - 0x00007ff91614a000 	C:\WINDOWS\SYSTEM32\VERSION.dll
0x00007ff924aa0000 - 0x00007ff924aeb000 	C:\WINDOWS\SYSTEM32\POWRPROF.dll
0x00007ff924a80000 - 0x00007ff924a92000 	C:\WINDOWS\SYSTEM32\UMPDC.dll
0x00007ff922460000 - 0x00007ff922472000 	C:\WINDOWS\SYSTEM32\kernel.appcore.dll
0x00007ff91fae0000 - 0x00007ff91faea000 	C:\Users\user\.vscode\extensions\redhat.java-1.30.0-win32-x64\jre\17.0.10-win32-x86_64\bin\jimage.dll
0x00007ff9243a0000 - 0x00007ff924584000 	C:\WINDOWS\SYSTEM32\DBGHELP.DLL
0x00007ff924340000 - 0x00007ff924374000 	C:\WINDOWS\SYSTEM32\dbgcore.DLL
0x00007ff924ff0000 - 0x00007ff925072000 	C:\WINDOWS\System32\bcryptPrimitives.dll
0x00007ff919000000 - 0x00007ff919025000 	C:\Users\user\.vscode\extensions\redhat.java-1.30.0-win32-x64\jre\17.0.10-win32-x86_64\bin\java.dll

dbghelp: loaded successfully - version: 4.0.5 - missing functions: none
symbol engine: initialized successfully - sym options: 0x614 - pdb path: .;C:\Users\user\.vscode\extensions\redhat.java-1.30.0-win32-x64\jre\17.0.10-win32-x86_64\bin;C:\WINDOWS\SYSTEM32;C:\WINDOWS\WinSxS\amd64_microsoft.windows.common-controls_6595b64144ccf1df_6.0.19041.3636_none_60b6a03d71f818d5;C:\Users\user\.vscode\extensions\redhat.java-1.30.0-win32-x64\jre\17.0.10-win32-x86_64\bin\server

VM Arguments:
jvm_args: --add-opens=java.base/java.lang=ALL-UNNAMED --add-opens=java.base/java.io=ALL-UNNAMED --add-opens=java.base/java.util=ALL-UNNAMED -Dplugin.dir=C:\Users\user\.vscode\extensions\redhat.java-1.30.0-win32-x64\server\..\..\vscjava.vscode-gradle-3.13.5\server\plugins 
java_command: com.microsoft.java.bs.core.Launcher
java_class_path (initial): C:\Users\user\.vscode\extensions\redhat.java-1.30.0-win32-x64\server\..\..\vscjava.vscode-gradle-3.13.5\server\server.jar;C:\Users\user\.vscode\extensions\redhat.java-1.30.0-win32-x64\server\..\..\vscjava.vscode-gradle-3.13.5\server\runtime\bsp4j-2.1.0-M4.jar;C:\Users\user\.vscode\extensions\redhat.java-1.30.0-win32-x64\server\..\..\vscjava.vscode-gradle-3.13.5\server\runtime\checker-qual-3.5.0.jar;C:\Users\user\.vscode\extensions\redhat.java-1.30.0-win32-x64\server\..\..\vscjava.vscode-gradle-3.13.5\server\runtime\commons-lang3-3.13.0.jar;C:\Users\user\.vscode\extensions\redhat.java-1.30.0-win32-x64\server\..\..\vscjava.vscode-gradle-3.13.5\server\runtime\error_prone_annotations-2.3.4.jar;C:\Users\user\.vscode\extensions\redhat.java-1.30.0-win32-x64\server\..\..\vscjava.vscode-gradle-3.13.5\server\runtime\failureaccess-1.0.1.jar;C:\Users\user\.vscode\extensions\redhat.java-1.30.0-win32-x64\server\..\..\vscjava.vscode-gradle-3.13.5\server\runtime\gradle-tooling-api-8.1.1.jar;C:\Users\user\.vscode\extensions\redhat.java-1.30.0-win32-x64\server\..\..\vscjava.vscode-gradle-3.13.5\server\runtime\gson-2.9.1.jar;C:\Users\user\.vscode\extensions\redhat.java-1.30.0-win32-x64\server\..\..\vscjava.vscode-gradle-3.13.5\server\runtime\guava-30.1-jre.jar;C:\Users\user\.vscode\extensions\redhat.java-1.30.0-win32-x64\server\..\..\vscjava.vscode-gradle-3.13.5\server\runtime\j2objc-annotations-1.3.jar;C:\Users\user\.vscode\extensions\redhat.java-1.30.0-win32-x64\server\..\..\vscjava.vscode-gradle-3.13.5\server\runtime\jsr305-3.0.2.jar;C:\Users\user\.vscode\extensions\redhat.java-1.30.0-win32-x64\server\..\..\vscjava.vscode-gradle-3.13.5\server\runtime\listenablefuture-9999.0-empty-to-avoid-conflict-with-guava.jar;C:\Users\user\.vscode\extensions\redhat.java-1.30.0-win32-x64\server\..\..\vscjava.vscode-gradle-3.13.5\server\runtime\model.jar;C:\Users\user\.vscode\extensions\redhat.java-1.30.0-win32-x64\server\..\..\vscjava.vscode-gradle-3.13.5\server\runti
Launcher Type: SUN_STANDARD

[Global flags]
     intx CICompilerCount                          = 3                                         {product} {ergonomic}
     uint ConcGCThreads                            = 1                                         {product} {ergonomic}
     uint G1ConcRefinementThreads                  = 4                                         {product} {ergonomic}
   size_t G1HeapRegionSize                         = 1048576                                   {product} {ergonomic}
    uintx GCDrainStackTargetSize                   = 64                                        {product} {ergonomic}
   size_t InitialHeapSize                          = 130023424                                 {product} {ergonomic}
   size_t MarkStackSize                            = 4194304                                   {product} {ergonomic}
   size_t MaxHeapSize                              = 2069889024                                {product} {ergonomic}
   size_t MinHeapDeltaBytes                        = 1048576                                   {product} {ergonomic}
   size_t MinHeapSize                              = 8388608                                   {product} {ergonomic}
    uintx NonNMethodCodeHeapSize                   = 5832780                                {pd product} {ergonomic}
    uintx NonProfiledCodeHeapSize                  = 122912730                              {pd product} {ergonomic}
    uintx ProfiledCodeHeapSize                     = 122912730                              {pd product} {ergonomic}
    uintx ReservedCodeCacheSize                    = 251658240                              {pd product} {ergonomic}
     bool SegmentedCodeCache                       = true                                      {product} {ergonomic}
   size_t SoftMaxHeapSize                          = 2069889024                             {manageable} {ergonomic}
     bool UseCompressedClassPointers               = true                           {product lp64_product} {ergonomic}
     bool UseCompressedOops                        = true                           {product lp64_product} {ergonomic}
     bool UseG1GC                                  = true                                      {product} {ergonomic}
     bool UseLargePagesIndividualAllocation        = false                                  {pd product} {ergonomic}

Logging:
Log output configuration:
 #0: stdout all=warning uptime,level,tags
 #1: stderr all=off uptime,level,tags

Environment Variables:
JAVA_HOME=C:\Program Files\Zulu\zulu-8\
PATH=C:\Program Files\Zulu\zulu-8\bin\;C:\Program Files\Zulu\zulu-8\\bin;C:\WINDOWS\system32;C:\WINDOWS;C:\WINDOWS\System32\Wbem;C:\WINDOWS\System32\WindowsPowerShell\v1.0\;C:\WINDOWS\System32\OpenSSH\;C:\Program Files\Git\cmd;C:\Program Files\MongoDB\Server\6.0\bin;C:\Program Files\nodejs\;C:\Program Files\PostgreSQL\16\bin;C:\Program Files\Go\bin;D:\Software\apache-maven-3.9.6\bin;C:\xampp\php;C:\MinGW\bin;C:\Gradle\gradle-8.7\bin;C:\Users\user\AppData\Local\Programs\Python\Python310\Scripts\;C:\Users\user\AppData\Local\Programs\Python\Python310\;C:\Users\user\AppData\Local\Microsoft\WindowsApps;C:\Users\user\AppData\Local\Programs\Microsoft VS Code\bin;C:\Program Files\JetBrains\PyCharm Community Edition 2023.1\bin;;C:\Users\user\AppData\Roaming\npm;C:\Users\user\AppData\Local\Programs\MiKTeX\miktex\bin\x64\;C:\Program Files\PostgreSQL\16\bin;C:\Users\user\anaconda3\Scripts;C:\Users\user\go\bin;C:\Program Files\Zulu\zulu-8\bin\;C:\MinGW\bin;C:\Gradle\gradle-8.7\bin;C:\Users\user\AppData\Local\GitHubDesktop\bin
USERNAME=user
OS=Windows_NT
PROCESSOR_IDENTIFIER=Intel64 Family 6 Model 61 Stepping 4, GenuineIntel
TMP=C:\Users\user\AppData\Local\Temp
TEMP=C:\Users\user\AppData\Local\Temp



Periodic native trim disabled


---------------  S Y S T E M  ---------------

OS:
 Windows 10 , 64 bit Build 19041 (10.0.19041.3636)
OS uptime: 0 days 2:59 hours

CPU: total 4 (initial active 4) (2 cores per cpu, 2 threads per core) family 6 model 61 stepping 4 microcode 0x2d, cx8, cmov, fxsr, ht, mmx, 3dnowpref, sse, sse2, sse3, ssse3, sse4.1, sse4.2, popcnt, lzcnt, tsc, tscinvbit, avx, avx2, aes, erms, clmul, bmi1, bmi2, rtm, adx, fma, vzeroupper, clflush
Processor Information for all 4 processors :
  Max Mhz: 2295, Current Mhz: 498, Mhz Limit: 481

Memory: 4k page, system-wide physical 7888M (761M free)
TotalPageFile size 10888M (AvailPageFile size 106M)
current process WorkingSet (physical memory assigned to process): 10M, peak: 10M
current process commit charge ("private bytes"): 51M, peak: 175M

vm_info: OpenJDK 64-Bit Server VM (17.0.10+7) for windows-amd64 JRE (17.0.10+7), built on Jan 16 2024 23:25:11 by "admin" with MS VC++ 16.10 / 16.11 (VS2019)

END.
